<?xml version="1.0" encoding="utf-8"?><testsuites name="pytest tests"><testsuite name="pytest" errors="0" failures="0" skipped="0" tests="5" time="108.264" timestamp="2026-04-25T09:05:58.134331+00:00" hostname="agent-env-2479ba50-1577-446d-9d6b-9f92c4edb863"><testcase classname="backend.tests.backend_test" name="test_root" time="0.269" /><testcase classname="backend.tests.backend_test" name="test_me_unauth" time="0.177" /><testcase classname="backend.tests.backend_test" name="test_me_with_token" time="0.525" /><testcase classname="backend.tests.backend_test" name="test_create_empty_400" time="0.105" /><testcase classname="backend.tests.backend_test" name="test_full_pipeline" time="107.124" /></testsuite></testsuites>